<?xml version="1.0" encoding="UTF-8"?>
<!-- Generated by org.testng.reporters.JUnitXMLReporter -->
<testsuite hostname="DESKTOP-5OQL5T2" ignored="0" name="Login positive scenario" tests="2" failures="1" timestamp="04 Aug 2022 11:33:28 GMT" time="17.416" errors="0">
  <testcase name="initbrowser" time="17.378" classname="Testcase_Swaglabs.LOginpositivescenario"/>
  <testcase name="login" time="0.016" classname="Testcase_Swaglabs.LOginpositivescenario">
    <failure type="java.lang.NullPointerException">
      <![CDATA[java.lang.NullPointerException
at testNG.Utility_Swaglabs.starttestcase(Utility_Swaglabs.java:149)
at Testcase_Swaglabs.LOginpositivescenario.login(LOginpositivescenario.java:33)
... Removed 25 stack frames]]>
    </failure>
  </testcase> <!-- login -->
</testsuite> <!-- Login positive scenario -->
